<testsuites id="" name="" tests="9" failures="0" skipped="0" errors="0" time="20.120573">
<testsuite name="Cart.spec.ts" timestamp="2025-03-11T12:44:59.702Z" hostname="chromium" tests="1" failures="0" skipped="0" time="1.399" errors="0">
<testcase name="Ajouter tous les produits au panier" classname="Cart.spec.ts" time="1.399">
</testcase>
</testsuite>
<testsuite name="login.spec.ts" timestamp="2025-03-11T12:44:59.702Z" hostname="chromium" tests="2" failures="0" skipped="0" time="1.87" errors="0">
<testcase name="Login réussi avec un utilisateur valide" classname="login.spec.ts" time="1.025">
</testcase>
<testcase name="Échec de connexion avec un mot de passe incorrect" classname="login.spec.ts" time="0.845">
</testcase>
</testsuite>
<testsuite name="Cart.spec.ts" timestamp="2025-03-11T12:44:59.702Z" hostname="firefox" tests="1" failures="0" skipped="0" time="7.631" errors="0">
<testcase name="Ajouter tous les produits au panier" classname="Cart.spec.ts" time="7.631">
</testcase>
</testsuite>
<testsuite name="login.spec.ts" timestamp="2025-03-11T12:44:59.702Z" hostname="firefox" tests="2" failures="0" skipped="0" time="15.294" errors="0">
<testcase name="Login réussi avec un utilisateur valide" classname="login.spec.ts" time="8.347">
</testcase>
<testcase name="Échec de connexion avec un mot de passe incorrect" classname="login.spec.ts" time="6.947">
</testcase>
</testsuite>
<testsuite name="Cart.spec.ts" timestamp="2025-03-11T12:44:59.702Z" hostname="webkit" tests="1" failures="0" skipped="0" time="10.483" errors="0">
<testcase name="Ajouter tous les produits au panier" classname="Cart.spec.ts" time="10.483">
</testcase>
</testsuite>
<testsuite name="login.spec.ts" timestamp="2025-03-11T12:44:59.702Z" hostname="webkit" tests="2" failures="0" skipped="0" time="13.206" errors="0">
<testcase name="Login réussi avec un utilisateur valide" classname="login.spec.ts" time="6.475">
</testcase>
<testcase name="Échec de connexion avec un mot de passe incorrect" classname="login.spec.ts" time="6.731">
</testcase>
</testsuite>
</testsuites>